[35m[Appium][39m Welcome to Appium v2.5.1
[35m[Appium][39m Non-default server args:
[35m[Appium][39m { basePath: [32m'/wd/hub'[39m, loglevel: [32m'info'[39m, port: [33m63241[39m }
[35m[Appium][39m Attempting to load driver uiautomator2...
[35m[Appium][39m Appium REST http interface listener started on http://0.0.0.0:63241/wd/hub
[35m[Appium][39m You can provide the following URLs in your client code to connect to this server:
[35m[Appium][39m 	http://192.168.56.1:63241/wd/hub
[35m[Appium][39m 	http://192.168.10.41:63241/wd/hub
[35m[Appium][39m 	http://127.0.0.1:63241/wd/hub (only accessible from the same host)
[35m[Appium][39m Available drivers:
[35m[Appium][39m   - uiautomator2@3.0.1 (automationName 'UiAutomator2')
[35m[Appium][39m No plugins have been installed. Use the "appium plugin" command to install the one(s) you want to use.
[38;5;0m[HTTP][0m [37m-->[39m [37mGET[39m [37m/wd/hub/status[39m
[38;5;0m[HTTP][0m [90m{}[39m
[38;5;0m[HTTP][0m [37m<-- GET /wd/hub/status [39m[32m200[39m [90m8 ms - 110[39m
[38;5;0m[HTTP][0m [90m[39m
[38;5;0m[HTTP][0m [37m-->[39m [37mPOST[39m [37m/wd/hub/session[39m
[38;5;0m[HTTP][0m [90m{"desiredCapabilities":{"appium:systemPort":63240,"appium:newCommandTimeout":1800,"appium:automationName":"uiautomator2","appium:fullReset":true,"appium:platformVersion":"13","appium:noReset":false,"appium:udid":"emulator-5554","appium:autoGrantPermissions":true,"appium:platformName":"ANDROID","appium:deviceName":"emulator-5554 (sdk_gphone64_x86_64 - Android 13)","platformName":"Android","appium:app":"C:\\Users\\DELL\\Downloads\\app-release_last.apk"},"capabilities":{"firstMatch":[{"appium:app":"C:\\Users\\DELL\\Downloads\\app-release_last.apk","appium:autoGrantPermissions":true,"appium:automationName":"uiautomator2","appium:deviceName":"emulator-5554 (sdk_gphone64_x86_64 - Android 13)","appium:fullReset":true,"appium:newCommandTimeout":1800,"appium:noReset":false,"appium:platformName":"ANDROID","appium:platformVersion":"13","appium:systemPort":63240,"appium:udid":"emulator-5554","platformName":"android"}]}}[39m
[38;5;32m[BaseDriver][0m Ignoring capability 'appium:platformName=ANDROID' and using capability 'platformName=android'
[38;5;32m[BaseDriver][0m The capabilities ["platformName"] are standard capabilities and do not require "appium:" prefix
[35m[Appium][39m Attempting to find matching driver for automationName 'uiautomator2' and platformName 'android'
[35m[Appium][39m The 'uiautomator2' driver was installed and matched caps.
[35m[Appium][39m Will require it at C:\Users\DELL\.appium\node_modules\appium-uiautomator2-driver
[38;5;16m[AppiumDriver@a358][0m Appium v2.5.1 creating new AndroidUiautomator2Driver (v3.0.1) session
[38;5;16m[AppiumDriver@a358][0m Checking BaseDriver versions for Appium and AndroidUiautomator2Driver
[38;5;16m[AppiumDriver@a358][0m Appium's BaseDriver version is 9.5.2
[38;5;16m[AppiumDriver@a358][0m AndroidUiautomator2Driver's BaseDriver version is 9.5.2
[38;5;48m[AndroidUiautomator2Driver@4930 (be9505eb)][0m Session created with session id: be9505eb-70f0-4eb8-9ae8-77fd07bcc5d9
[38;5;64m[ADB][0m Found 1 'build-tools' folders under 'C:\Users\DELL\.katalon\tools\android_sdk' (newest first):
[38;5;64m[ADB][0m     C:\Users\DELL\.katalon\tools\android_sdk\build-tools\29.0.3
[38;5;64m[ADB][0m Using 'adb.exe' from 'C:\Users\DELL\.katalon\tools\android_sdk\platform-tools\adb.exe'
[38;5;48m[AndroidUiautomator2Driver@4930 (be9505eb)][0m Retrieving device list
[38;5;48m[AndroidUiautomator2Driver@4930 (be9505eb)][0m Using device: emulator-5554
[38;5;64m[ADB][0m Using 'adb.exe' from 'C:\Users\DELL\.katalon\tools\android_sdk\platform-tools\adb.exe'
[38;5;32m[BaseDriver][0m Using local app 'C:\Users\DELL\Downloads\app-release_last.apk'
[38;5;64m[ADB][0m Getting device platform version
[38;5;48m[AndroidUiautomator2Driver@4930 (be9505eb)][0m Relaxing hidden api policy
[38;5;64m[ADB][0m Package name: 'ma.neoxia.macnss'
[38;5;64m[ADB][0m Main activity name: 'ma.neoxia.macnss.MainActivity'
[38;5;64m[ADB][0m Using 'apksigner.jar' from 'C:\Users\DELL\.katalon\tools\android_sdk\build-tools\29.0.3\lib\apksigner.jar'
[38;5;64m[ADB][0m 'C:\Users\DELL\.appium\node_modules\appium-uiautomator2-driver\node_modules\appium-uiautomator2-server\apks\appium-uiautomator2-server-debug-androidTest.apk' is signed with the default certificate
[38;5;64m[ADB][0m 'C:\Users\DELL\.appium\node_modules\appium-uiautomator2-driver\node_modules\appium-uiautomator2-server\apks\appium-uiautomator2-server-v7.0.1.apk' is signed with the default certificate
[38;5;64m[ADB][0m 'C:\Users\DELL\Downloads\app-release_last.apk' is signed with a non-default certificate
[38;5;48m[AndroidUiautomator2Driver@4930 (be9505eb)][0m Server packages are not going to be (re)installed
[38;5;64m[ADB][0m Adding packages ["io.appium.settings","io.appium.uiautomator2.server","io.appium.uiautomator2.server.test"] to Doze whitelist
[38;5;64m[ADB][0m ma.neoxia.macnss was successfully uninstalled
[38;5;64m[ADB][0m The application at 'C:\Users\DELL\Downloads\app-release_last.apk' will not be cached, because the device under test has confirmed the support of streamed installs
[38;5;64m[ADB][0m The installation of 'app-release_last.apk' took 12119ms
[38;5;48m[AndroidUiautomator2Driver@4930 (be9505eb)][0m Starting UIAutomator2 server 7.0.1
[38;5;48m[AndroidUiautomator2Driver@4930 (be9505eb)][0m Using UIAutomator2 server from 'C:\Users\DELL\.appium\node_modules\appium-uiautomator2-driver\node_modules\appium-uiautomator2-server\apks\appium-uiautomator2-server-v7.0.1.apk' and test from 'C:\Users\DELL\.appium\node_modules\appium-uiautomator2-driver\node_modules\appium-uiautomator2-server\apks\appium-uiautomator2-server-debug-androidTest.apk'
[38;5;48m[AndroidUiautomator2Driver@4930 (be9505eb)][0m Waiting up to 30000ms for UiAutomator2 to be online...
[38;5;48m[AndroidUiautomator2Driver@4930 (be9505eb)][0m socket hang up
[38;5;48m[AndroidUiautomator2Driver@4930 (be9505eb)][0m socket hang up
[38;5;48m[AndroidUiautomator2Driver@4930 (be9505eb)][0m socket hang up
[38;5;48m[AndroidUiautomator2Driver@4930 (be9505eb)][0m socket hang up
[38;5;48m[AndroidUiautomator2Driver@4930 (be9505eb)][0m socket hang up
[38;5;48m[AndroidUiautomator2Driver@4930 (be9505eb)][0m Determined the downstream protocol as 'W3C'
[38;5;48m[AndroidUiautomator2Driver@4930 (be9505eb)][0m Screen already unlocked, doing nothing
[38;5;48m[AndroidUiautomator2Driver@4930 (be9505eb)][0m Starting 'ma.neoxia.macnss/ma.neoxia.macnss.MainActivity and waiting for 'ma.neoxia.macnss/ma.neoxia.macnss.MainActivity'
[38;5;16m[AppiumDriver@a358][0m New AndroidUiautomator2Driver session created successfully, session be9505eb-70f0-4eb8-9ae8-77fd07bcc5d9 added to master session list
[38;5;0m[HTTP][0m [37m<-- POST /wd/hub/session [39m[32m200[39m [90m27850 ms - 1213[39m
[38;5;0m[HTTP][0m [90m[39m
[38;5;0m[HTTP][0m [37m-->[39m [37mGET[39m [37m/wd/hub/session/be9505eb-70f0-4eb8-9ae8-77fd07bcc5d9[39m
[38;5;0m[HTTP][0m [90m{}[39m
[38;5;0m[HTTP][0m [37m<-- GET /wd/hub/session/be9505eb-70f0-4eb8-9ae8-77fd07bcc5d9 [39m[32m200[39m [90m28 ms - 362[39m
[38;5;0m[HTTP][0m [90m[39m
[38;5;0m[HTTP][0m [37m-->[39m [37mGET[39m [37m/wd/hub/session/be9505eb-70f0-4eb8-9ae8-77fd07bcc5d9[39m
[38;5;0m[HTTP][0m [90m{}[39m
[38;5;0m[HTTP][0m [37m<-- GET /wd/hub/session/be9505eb-70f0-4eb8-9ae8-77fd07bcc5d9 [39m[32m200[39m [90m27 ms - 362[39m
[38;5;0m[HTTP][0m [90m[39m
[38;5;0m[HTTP][0m [37m-->[39m [37mGET[39m [37m/wd/hub/status[39m
[38;5;0m[HTTP][0m [90m{}[39m
[38;5;0m[HTTP][0m [37m<-- GET /wd/hub/status [39m[32m200[39m [90m1 ms - 110[39m
[38;5;0m[HTTP][0m [90m[39m
[38;5;0m[HTTP][0m [37m-->[39m [37mPOST[39m [37m/wd/hub/session/be9505eb-70f0-4eb8-9ae8-77fd07bcc5d9/timeouts[39m
[38;5;0m[HTTP][0m [90m{"implicit":30000}[39m
[38;5;0m[HTTP][0m [37m<-- POST /wd/hub/session/be9505eb-70f0-4eb8-9ae8-77fd07bcc5d9/timeouts [39m[32m200[39m [90m5 ms - 14[39m
[38;5;0m[HTTP][0m [90m[39m
[38;5;0m[HTTP][0m [37m-->[39m [37mGET[39m [37m/wd/hub/session/be9505eb-70f0-4eb8-9ae8-77fd07bcc5d9/appium/device/system_bars[39m
[38;5;0m[HTTP][0m [90m{}[39m
[38;5;0m[HTTP][0m [37m<-- GET /wd/hub/session/be9505eb-70f0-4eb8-9ae8-77fd07bcc5d9/appium/device/system_bars [39m[32m200[39m [90m466 ms - 151[39m
[38;5;0m[HTTP][0m [90m[39m
[38;5;0m[HTTP][0m [37m-->[39m [37mPOST[39m [37m/wd/hub/session/be9505eb-70f0-4eb8-9ae8-77fd07bcc5d9/timeouts[39m
[38;5;0m[HTTP][0m [90m{"implicit":50}[39m
[38;5;0m[HTTP][0m [37m<-- POST /wd/hub/session/be9505eb-70f0-4eb8-9ae8-77fd07bcc5d9/timeouts [39m[32m200[39m [90m6 ms - 14[39m
[38;5;0m[HTTP][0m [90m[39m
[38;5;0m[HTTP][0m [37m-->[39m [37mGET[39m [37m/wd/hub/session/be9505eb-70f0-4eb8-9ae8-77fd07bcc5d9/window/rect[39m
[38;5;0m[HTTP][0m [90m{}[39m
[38;5;0m[HTTP][0m [37m<-- GET /wd/hub/session/be9505eb-70f0-4eb8-9ae8-77fd07bcc5d9/window/rect [39m[32m200[39m [90m40 ms - 50[39m
[38;5;0m[HTTP][0m [90m[39m
[38;5;0m[HTTP][0m [37m-->[39m [37mPOST[39m [37m/wd/hub/session/be9505eb-70f0-4eb8-9ae8-77fd07bcc5d9/elements[39m
[38;5;0m[HTTP][0m [90m{"using":"xpath","value":"//hierarchy/android.widget.FrameLayout[1]/android.widget.LinearLayout[1]/android.widget.FrameLayout[1]/android.widget.LinearLayout[1]/android.widget.FrameLayout[1]/android.widget.FrameLayout[1]/android.view.ViewGroup[1]/android.view.ViewGroup[1]/android.view.ViewGroup[1]/android.view.ViewGroup[1]/android.view.ViewGroup[1]/android.view.ViewGroup[1]/android.view.ViewGroup[1]/android.view.ViewGroup[1]/android.view.ViewGroup[1]/android.view.ViewGroup[1]/android.view.ViewGroup[1]/android.view.ViewGroup[1]/android.view.ViewGroup[2]/android.view.ViewGroup[1]/android.view.ViewGroup[1]/android.view.ViewGroup[1]/android.view.ViewGroup[2]"}[39m
[38;5;0m[HTTP][0m [37m<-- POST /wd/hub/session/be9505eb-70f0-4eb8-9ae8-77fd07bcc5d9/elements [39m[32m200[39m [90m1601 ms - 139[39m
[38;5;0m[HTTP][0m [90m[39m
[38;5;0m[HTTP][0m [37m-->[39m [37mGET[39m [37m/wd/hub/session/be9505eb-70f0-4eb8-9ae8-77fd07bcc5d9/element/00000000-0000-00c3-ffff-ffff00000059/location[39m
[38;5;0m[HTTP][0m [90m{}[39m
[38;5;48m[AndroidUiautomator2Driver@4930 (be9505eb)][0m Driver proxy active, passing request on via HTTP proxy
[38;5;48m[AndroidUiautomator2Driver@4930 (be9505eb)][0m Replacing sessionId 478a5047-88a0-42cc-9705-4224c2f5911f with be9505eb-70f0-4eb8-9ae8-77fd07bcc5d9
[38;5;0m[HTTP][0m [37m<-- GET /wd/hub/session/be9505eb-70f0-4eb8-9ae8-77fd07bcc5d9/element/00000000-0000-00c3-ffff-ffff00000059/location [39m[32m200[39m [90m193 ms - 79[39m
[38;5;0m[HTTP][0m [90m[39m
[38;5;0m[HTTP][0m [37m-->[39m [37mPOST[39m [37m/wd/hub/session/be9505eb-70f0-4eb8-9ae8-77fd07bcc5d9/timeouts[39m
[38;5;0m[HTTP][0m [90m{"implicit":30000}[39m
[38;5;0m[HTTP][0m [37m<-- POST /wd/hub/session/be9505eb-70f0-4eb8-9ae8-77fd07bcc5d9/timeouts [39m[32m200[39m [90m2 ms - 14[39m
[38;5;0m[HTTP][0m [90m[39m
[38;5;0m[HTTP][0m [37m-->[39m [37mPOST[39m [37m/wd/hub/session/be9505eb-70f0-4eb8-9ae8-77fd07bcc5d9/element/00000000-0000-00c3-ffff-ffff00000059/click[39m
[38;5;0m[HTTP][0m [90m{"id":"00000000-0000-00c3-ffff-ffff00000059"}[39m
[38;5;0m[HTTP][0m [37m<-- POST /wd/hub/session/be9505eb-70f0-4eb8-9ae8-77fd07bcc5d9/element/00000000-0000-00c3-ffff-ffff00000059/click [39m[32m200[39m [90m97 ms - 14[39m
[38;5;0m[HTTP][0m [90m[39m
[38;5;0m[HTTP][0m [37m-->[39m [37mPOST[39m [37m/wd/hub/session/be9505eb-70f0-4eb8-9ae8-77fd07bcc5d9/timeouts[39m
[38;5;0m[HTTP][0m [90m{"implicit":50}[39m
[38;5;0m[HTTP][0m [37m<-- POST /wd/hub/session/be9505eb-70f0-4eb8-9ae8-77fd07bcc5d9/timeouts [39m[32m200[39m [90m2 ms - 14[39m
[38;5;0m[HTTP][0m [90m[39m
[38;5;0m[HTTP][0m [37m-->[39m [37mGET[39m [37m/wd/hub/session/be9505eb-70f0-4eb8-9ae8-77fd07bcc5d9/window/rect[39m
[38;5;0m[HTTP][0m [90m{}[39m
[38;5;0m[HTTP][0m [37m<-- GET /wd/hub/session/be9505eb-70f0-4eb8-9ae8-77fd07bcc5d9/window/rect [39m[32m200[39m [90m22 ms - 50[39m
[38;5;0m[HTTP][0m [90m[39m
[38;5;0m[HTTP][0m [37m-->[39m [37mPOST[39m [37m/wd/hub/session/be9505eb-70f0-4eb8-9ae8-77fd07bcc5d9/elements[39m
[38;5;0m[HTTP][0m [90m{"using":"xpath","value":"//*[@class = 'android.widget.Button' and (@text = 'تطبيق' or . = 'تطبيق') and @resource-id = 'android:id/button2']"}[39m
[38;5;0m[HTTP][0m [37m<-- POST /wd/hub/session/be9505eb-70f0-4eb8-9ae8-77fd07bcc5d9/elements [39m[32m200[39m [90m1209 ms - 139[39m
[38;5;0m[HTTP][0m [90m[39m
[38;5;0m[HTTP][0m [37m-->[39m [37mGET[39m [37m/wd/hub/session/be9505eb-70f0-4eb8-9ae8-77fd07bcc5d9/element/00000000-0000-00c4-ffff-ffff00000078/location[39m
[38;5;0m[HTTP][0m [90m{}[39m
[38;5;48m[AndroidUiautomator2Driver@4930 (be9505eb)][0m Driver proxy active, passing request on via HTTP proxy
[38;5;48m[AndroidUiautomator2Driver@4930 (be9505eb)][0m Replacing sessionId 478a5047-88a0-42cc-9705-4224c2f5911f with be9505eb-70f0-4eb8-9ae8-77fd07bcc5d9
[38;5;0m[HTTP][0m [37m<-- GET /wd/hub/session/be9505eb-70f0-4eb8-9ae8-77fd07bcc5d9/element/00000000-0000-00c4-ffff-ffff00000078/location [39m[32m200[39m [90m59 ms - 79[39m
[38;5;0m[HTTP][0m [90m[39m
[38;5;0m[HTTP][0m [37m-->[39m [37mPOST[39m [37m/wd/hub/session/be9505eb-70f0-4eb8-9ae8-77fd07bcc5d9/timeouts[39m
[38;5;0m[HTTP][0m [90m{"implicit":30000}[39m
[38;5;0m[HTTP][0m [37m<-- POST /wd/hub/session/be9505eb-70f0-4eb8-9ae8-77fd07bcc5d9/timeouts [39m[32m200[39m [90m2 ms - 14[39m
[38;5;0m[HTTP][0m [90m[39m
[38;5;0m[HTTP][0m [37m-->[39m [37mPOST[39m [37m/wd/hub/session/be9505eb-70f0-4eb8-9ae8-77fd07bcc5d9/element/00000000-0000-00c4-ffff-ffff00000078/click[39m
[38;5;0m[HTTP][0m [90m{"id":"00000000-0000-00c4-ffff-ffff00000078"}[39m
[38;5;0m[HTTP][0m [37m<-- POST /wd/hub/session/be9505eb-70f0-4eb8-9ae8-77fd07bcc5d9/element/00000000-0000-00c4-ffff-ffff00000078/click [39m[32m200[39m [90m104 ms - 14[39m
[38;5;0m[HTTP][0m [90m[39m
[38;5;0m[HTTP][0m [37m-->[39m [37mPOST[39m [37m/wd/hub/session/be9505eb-70f0-4eb8-9ae8-77fd07bcc5d9/timeouts[39m
[38;5;0m[HTTP][0m [90m{"implicit":50}[39m
[38;5;0m[HTTP][0m [37m<-- POST /wd/hub/session/be9505eb-70f0-4eb8-9ae8-77fd07bcc5d9/timeouts [39m[32m200[39m [90m3 ms - 14[39m
[38;5;0m[HTTP][0m [90m[39m
[38;5;0m[HTTP][0m [37m-->[39m [37mGET[39m [37m/wd/hub/session/be9505eb-70f0-4eb8-9ae8-77fd07bcc5d9/window/rect[39m
[38;5;0m[HTTP][0m [90m{}[39m
[38;5;0m[HTTP][0m [37m<-- GET /wd/hub/session/be9505eb-70f0-4eb8-9ae8-77fd07bcc5d9/window/rect [39m[32m200[39m [90m24 ms - 50[39m
[38;5;0m[HTTP][0m [90m[39m
[38;5;0m[HTTP][0m [37m-->[39m [37mPOST[39m [37m/wd/hub/session/be9505eb-70f0-4eb8-9ae8-77fd07bcc5d9/elements[39m
[38;5;0m[HTTP][0m [90m{"using":"xpath","value":"//hierarchy/android.widget.FrameLayout[1]/android.widget.LinearLayout[1]/android.widget.FrameLayout[1]/android.widget.FrameLayout[1]/android.view.ViewGroup[1]/android.view.ViewGroup[1]/android.view.ViewGroup[1]/android.view.ViewGroup[1]/android.view.ViewGroup[1]/android.view.ViewGroup[1]/android.view.View[1]"}[39m
[38;5;0m[HTTP][0m [37m<-- POST /wd/hub/session/be9505eb-70f0-4eb8-9ae8-77fd07bcc5d9/elements [39m[32m200[39m [90m352 ms - 12[39m
[38;5;0m[HTTP][0m [90m[39m
[38;5;0m[HTTP][0m [37m-->[39m [37mPOST[39m [37m/wd/hub/session/be9505eb-70f0-4eb8-9ae8-77fd07bcc5d9/elements[39m
[38;5;0m[HTTP][0m [90m{"using":"xpath","value":"//hierarchy/android.widget.FrameLayout[1]/android.widget.LinearLayout[1]/android.widget.FrameLayout[1]/android.widget.FrameLayout[1]/android.view.ViewGroup[1]/android.view.ViewGroup[1]/android.view.ViewGroup[1]/android.view.ViewGroup[1]/android.view.ViewGroup[1]/android.view.ViewGroup[1]/android.view.View[1]"}[39m
[38;5;0m[HTTP][0m [37m<-- POST /wd/hub/session/be9505eb-70f0-4eb8-9ae8-77fd07bcc5d9/elements [39m[32m200[39m [90m730 ms - 139[39m
[38;5;0m[HTTP][0m [90m[39m
[38;5;0m[HTTP][0m [37m-->[39m [37mGET[39m [37m/wd/hub/session/be9505eb-70f0-4eb8-9ae8-77fd07bcc5d9/element/00000000-0000-00c5-ffff-ffff000000ce/location[39m
[38;5;0m[HTTP][0m [90m{}[39m
[38;5;48m[AndroidUiautomator2Driver@4930 (be9505eb)][0m Driver proxy active, passing request on via HTTP proxy
[38;5;48m[AndroidUiautomator2Driver@4930 (be9505eb)][0m Replacing sessionId 478a5047-88a0-42cc-9705-4224c2f5911f with be9505eb-70f0-4eb8-9ae8-77fd07bcc5d9
[38;5;0m[HTTP][0m [37m<-- GET /wd/hub/session/be9505eb-70f0-4eb8-9ae8-77fd07bcc5d9/element/00000000-0000-00c5-ffff-ffff000000ce/location [39m[32m200[39m [90m21 ms - 79[39m
[38;5;0m[HTTP][0m [90m[39m
[38;5;0m[HTTP][0m [37m-->[39m [37mPOST[39m [37m/wd/hub/session/be9505eb-70f0-4eb8-9ae8-77fd07bcc5d9/timeouts[39m
[38;5;0m[HTTP][0m [90m{"implicit":30000}[39m
[38;5;0m[HTTP][0m [37m<-- POST /wd/hub/session/be9505eb-70f0-4eb8-9ae8-77fd07bcc5d9/timeouts [39m[32m200[39m [90m2 ms - 14[39m
[38;5;0m[HTTP][0m [90m[39m
[38;5;0m[HTTP][0m [37m-->[39m [37mPOST[39m [37m/wd/hub/session/be9505eb-70f0-4eb8-9ae8-77fd07bcc5d9/element/00000000-0000-00c5-ffff-ffff000000ce/click[39m
[38;5;0m[HTTP][0m [90m{"id":"00000000-0000-00c5-ffff-ffff000000ce"}[39m
[38;5;0m[HTTP][0m [37m<-- POST /wd/hub/session/be9505eb-70f0-4eb8-9ae8-77fd07bcc5d9/element/00000000-0000-00c5-ffff-ffff000000ce/click [39m[32m200[39m [90m95 ms - 14[39m
[38;5;0m[HTTP][0m [90m[39m
[38;5;0m[HTTP][0m [37m-->[39m [37mPOST[39m [37m/wd/hub/session/be9505eb-70f0-4eb8-9ae8-77fd07bcc5d9/timeouts[39m
[38;5;0m[HTTP][0m [90m{"implicit":50}[39m
[38;5;0m[HTTP][0m [37m<-- POST /wd/hub/session/be9505eb-70f0-4eb8-9ae8-77fd07bcc5d9/timeouts [39m[32m200[39m [90m2 ms - 14[39m
[38;5;0m[HTTP][0m [90m[39m
[38;5;0m[HTTP][0m [37m-->[39m [37mGET[39m [37m/wd/hub/session/be9505eb-70f0-4eb8-9ae8-77fd07bcc5d9/window/rect[39m
[38;5;0m[HTTP][0m [90m{}[39m
[38;5;0m[HTTP][0m [37m<-- GET /wd/hub/session/be9505eb-70f0-4eb8-9ae8-77fd07bcc5d9/window/rect [39m[32m200[39m [90m26 ms - 50[39m
[38;5;0m[HTTP][0m [90m[39m
[38;5;0m[HTTP][0m [37m-->[39m [37mPOST[39m [37m/wd/hub/session/be9505eb-70f0-4eb8-9ae8-77fd07bcc5d9/elements[39m
[38;5;0m[HTTP][0m [90m{"using":"xpath","value":"//*[@class = 'android.widget.CheckBox' and (@text = '' or . = '')]"}[39m
[38;5;0m[HTTP][0m [37m<-- POST /wd/hub/session/be9505eb-70f0-4eb8-9ae8-77fd07bcc5d9/elements [39m[32m200[39m [90m307 ms - 12[39m
[38;5;0m[HTTP][0m [90m[39m
[38;5;0m[HTTP][0m [37m-->[39m [37mPOST[39m [37m/wd/hub/session/be9505eb-70f0-4eb8-9ae8-77fd07bcc5d9/elements[39m
[38;5;0m[HTTP][0m [90m{"using":"xpath","value":"//*[@class = 'android.widget.CheckBox' and (@text = '' or . = '')]"}[39m
[38;5;0m[HTTP][0m [37m<-- POST /wd/hub/session/be9505eb-70f0-4eb8-9ae8-77fd07bcc5d9/elements [39m[32m200[39m [90m472 ms - 12[39m
[38;5;0m[HTTP][0m [90m[39m
[38;5;0m[HTTP][0m [37m-->[39m [37mPOST[39m [37m/wd/hub/session/be9505eb-70f0-4eb8-9ae8-77fd07bcc5d9/elements[39m
[38;5;0m[HTTP][0m [90m{"using":"xpath","value":"//*[@class = 'android.widget.CheckBox' and (@text = '' or . = '')]"}[39m
[38;5;0m[HTTP][0m [37m<-- POST /wd/hub/session/be9505eb-70f0-4eb8-9ae8-77fd07bcc5d9/elements [39m[32m200[39m [90m333 ms - 12[39m
[38;5;0m[HTTP][0m [90m[39m
[38;5;0m[HTTP][0m [37m-->[39m [37mPOST[39m [37m/wd/hub/session/be9505eb-70f0-4eb8-9ae8-77fd07bcc5d9/elements[39m
[38;5;0m[HTTP][0m [90m{"using":"xpath","value":"//*[@class = 'android.widget.CheckBox' and (@text = '' or . = '')]"}[39m
[38;5;0m[HTTP][0m [37m<-- POST /wd/hub/session/be9505eb-70f0-4eb8-9ae8-77fd07bcc5d9/elements [39m[32m200[39m [90m1133 ms - 139[39m
[38;5;0m[HTTP][0m [90m[39m
[38;5;0m[HTTP][0m [37m-->[39m [37mGET[39m [37m/wd/hub/session/be9505eb-70f0-4eb8-9ae8-77fd07bcc5d9/element/00000000-0000-00c6-ffff-ffff00000182/location[39m
[38;5;0m[HTTP][0m [90m{}[39m
[38;5;48m[AndroidUiautomator2Driver@4930 (be9505eb)][0m Driver proxy active, passing request on via HTTP proxy
[38;5;48m[AndroidUiautomator2Driver@4930 (be9505eb)][0m Replacing sessionId 478a5047-88a0-42cc-9705-4224c2f5911f with be9505eb-70f0-4eb8-9ae8-77fd07bcc5d9
[38;5;0m[HTTP][0m [37m<-- GET /wd/hub/session/be9505eb-70f0-4eb8-9ae8-77fd07bcc5d9/element/00000000-0000-00c6-ffff-ffff00000182/location [39m[32m200[39m [90m39 ms - 79[39m
[38;5;0m[HTTP][0m [90m[39m
[38;5;0m[HTTP][0m [37m-->[39m [37mPOST[39m [37m/wd/hub/session/be9505eb-70f0-4eb8-9ae8-77fd07bcc5d9/timeouts[39m
[38;5;0m[HTTP][0m [90m{"implicit":30000}[39m
[38;5;0m[HTTP][0m [37m<-- POST /wd/hub/session/be9505eb-70f0-4eb8-9ae8-77fd07bcc5d9/timeouts [39m[32m200[39m [90m2 ms - 14[39m
[38;5;0m[HTTP][0m [90m[39m
[38;5;0m[HTTP][0m [37m-->[39m [37mPOST[39m [37m/wd/hub/session/be9505eb-70f0-4eb8-9ae8-77fd07bcc5d9/element/00000000-0000-00c6-ffff-ffff00000182/click[39m
[38;5;0m[HTTP][0m [90m{"id":"00000000-0000-00c6-ffff-ffff00000182"}[39m
[38;5;0m[HTTP][0m [37m<-- POST /wd/hub/session/be9505eb-70f0-4eb8-9ae8-77fd07bcc5d9/element/00000000-0000-00c6-ffff-ffff00000182/click [39m[32m200[39m [90m134 ms - 14[39m
[38;5;0m[HTTP][0m [90m[39m
[38;5;0m[HTTP][0m [37m-->[39m [37mPOST[39m [37m/wd/hub/session/be9505eb-70f0-4eb8-9ae8-77fd07bcc5d9/timeouts[39m
[38;5;0m[HTTP][0m [90m{"implicit":50}[39m
[38;5;0m[HTTP][0m [37m<-- POST /wd/hub/session/be9505eb-70f0-4eb8-9ae8-77fd07bcc5d9/timeouts [39m[32m200[39m [90m2 ms - 14[39m
[38;5;0m[HTTP][0m [90m[39m
[38;5;0m[HTTP][0m [37m-->[39m [37mGET[39m [37m/wd/hub/session/be9505eb-70f0-4eb8-9ae8-77fd07bcc5d9/window/rect[39m
[38;5;0m[HTTP][0m [90m{}[39m
[38;5;0m[HTTP][0m [37m<-- GET /wd/hub/session/be9505eb-70f0-4eb8-9ae8-77fd07bcc5d9/window/rect [39m[32m200[39m [90m40 ms - 50[39m
[38;5;0m[HTTP][0m [90m[39m
[38;5;0m[HTTP][0m [37m-->[39m [37mPOST[39m [37m/wd/hub/session/be9505eb-70f0-4eb8-9ae8-77fd07bcc5d9/elements[39m
[38;5;0m[HTTP][0m [90m{"using":"xpath","value":"//*[@class = 'android.widget.Button' and (@text = '' or . = '')]"}[39m
[38;5;0m[HTTP][0m [37m<-- POST /wd/hub/session/be9505eb-70f0-4eb8-9ae8-77fd07bcc5d9/elements [39m[32m200[39m [90m635 ms - 139[39m
[38;5;0m[HTTP][0m [90m[39m
[38;5;0m[HTTP][0m [37m-->[39m [37mGET[39m [37m/wd/hub/session/be9505eb-70f0-4eb8-9ae8-77fd07bcc5d9/element/00000000-0000-00c6-ffff-ffff00000185/location[39m
[38;5;0m[HTTP][0m [90m{}[39m
[38;5;48m[AndroidUiautomator2Driver@4930 (be9505eb)][0m Driver proxy active, passing request on via HTTP proxy
[38;5;48m[AndroidUiautomator2Driver@4930 (be9505eb)][0m Replacing sessionId 478a5047-88a0-42cc-9705-4224c2f5911f with be9505eb-70f0-4eb8-9ae8-77fd07bcc5d9
[38;5;0m[HTTP][0m [37m<-- GET /wd/hub/session/be9505eb-70f0-4eb8-9ae8-77fd07bcc5d9/element/00000000-0000-00c6-ffff-ffff00000185/location [39m[32m200[39m [90m35 ms - 79[39m
[38;5;0m[HTTP][0m [90m[39m
[38;5;0m[HTTP][0m [37m-->[39m [37mPOST[39m [37m/wd/hub/session/be9505eb-70f0-4eb8-9ae8-77fd07bcc5d9/timeouts[39m
[38;5;0m[HTTP][0m [90m{"implicit":30000}[39m
[38;5;0m[HTTP][0m [37m<-- POST /wd/hub/session/be9505eb-70f0-4eb8-9ae8-77fd07bcc5d9/timeouts [39m[32m200[39m [90m2 ms - 14[39m
[38;5;0m[HTTP][0m [90m[39m
[38;5;0m[HTTP][0m [37m-->[39m [37mPOST[39m [37m/wd/hub/session/be9505eb-70f0-4eb8-9ae8-77fd07bcc5d9/element/00000000-0000-00c6-ffff-ffff00000185/click[39m
[38;5;0m[HTTP][0m [90m{"id":"00000000-0000-00c6-ffff-ffff00000185"}[39m
[38;5;0m[HTTP][0m [37m<-- POST /wd/hub/session/be9505eb-70f0-4eb8-9ae8-77fd07bcc5d9/element/00000000-0000-00c6-ffff-ffff00000185/click [39m[32m200[39m [90m59 ms - 14[39m
[38;5;0m[HTTP][0m [90m[39m
[38;5;0m[HTTP][0m [37m-->[39m [37mGET[39m [37m/wd/hub/status[39m
[38;5;0m[HTTP][0m [90m{}[39m
[38;5;0m[HTTP][0m [37m<-- GET /wd/hub/status [39m[32m200[39m [90m1 ms - 110[39m
[38;5;0m[HTTP][0m [90m[39m
[38;5;0m[HTTP][0m [37m-->[39m [37mPOST[39m [37m/wd/hub/session[39m
[38;5;0m[HTTP][0m [90m{"desiredCapabilities":{"appium:systemPort":63483,"appium:newCommandTimeout":1800,"appium:automationName":"uiautomator2","appium:fullReset":true,"appium:platformVersion":"13","appium:noReset":false,"appium:udid":"emulator-5554","appium:autoGrantPermissions":true,"appium:platformName":"ANDROID","appium:deviceName":"emulator-5554 (sdk_gphone64_x86_64 - Android 13)","platformName":"Android","appium:app":"C:\\Users\\DELL\\Downloads\\app-release_last.apk"},"capabilities":{"firstMatch":[{"appium:app":"C:\\Users\\DELL\\Downloads\\app-release_last.apk","appium:autoGrantPermissions":true,"appium:automationName":"uiautomator2","appium:deviceName":"emulator-5554 (sdk_gphone64_x86_64 - Android 13)","appium:fullReset":true,"appium:newCommandTimeout":1800,"appium:noReset":false,"appium:platformName":"ANDROID","appium:platformVersion":"13","appium:systemPort":63483,"appium:udid":"emulator-5554","platformName":"android"}]}}[39m
[38;5;32m[BaseDriver][0m Ignoring capability 'appium:platformName=ANDROID' and using capability 'platformName=android'
[38;5;32m[BaseDriver][0m The capabilities ["platformName"] are standard capabilities and do not require "appium:" prefix
[35m[Appium][39m Attempting to find matching driver for automationName 'uiautomator2' and platformName 'android'
[35m[Appium][39m The 'uiautomator2' driver was installed and matched caps.
[35m[Appium][39m Will require it at C:\Users\DELL\.appium\node_modules\appium-uiautomator2-driver
[38;5;16m[AppiumDriver@a358][0m Appium v2.5.1 creating new AndroidUiautomator2Driver (v3.0.1) session
[38;5;16m[AppiumDriver@a358][0m Checking BaseDriver versions for Appium and AndroidUiautomator2Driver
[38;5;16m[AppiumDriver@a358][0m Appium's BaseDriver version is 9.5.2
[38;5;16m[AppiumDriver@a358][0m AndroidUiautomator2Driver's BaseDriver version is 9.5.2
[38;5;48m[AndroidUiautomator2Driver@245d (8044ba58)][0m Session created with session id: 8044ba58-c3d4-481e-b597-8cb904c2a8d1
[38;5;64m[ADB][0m Using 'adb.exe' from 'C:\Users\DELL\.katalon\tools\android_sdk\platform-tools\adb.exe'
[38;5;48m[AndroidUiautomator2Driver@245d (8044ba58)][0m Retrieving device list
[38;5;48m[AndroidUiautomator2Driver@245d (8044ba58)][0m Using device: emulator-5554
[38;5;64m[ADB][0m Using 'adb.exe' from 'C:\Users\DELL\.katalon\tools\android_sdk\platform-tools\adb.exe'
[38;5;32m[BaseDriver][0m Using local app 'C:\Users\DELL\Downloads\app-release_last.apk'
[38;5;64m[ADB][0m Getting device platform version
[38;5;48m[AndroidUiautomator2Driver@245d (8044ba58)][0m Relaxing hidden api policy
[38;5;64m[ADB][0m Package name: 'ma.neoxia.macnss'
[38;5;64m[ADB][0m Main activity name: 'ma.neoxia.macnss.MainActivity'
[38;5;48m[AndroidUiautomator2Driver@245d (8044ba58)][0m Server packages are not going to be (re)installed
[38;5;64m[ADB][0m Adding packages ["io.appium.settings","io.appium.uiautomator2.server","io.appium.uiautomator2.server.test"] to Doze whitelist
[38;5;64m[ADB][0m ma.neoxia.macnss was successfully uninstalled
[38;5;64m[ADB][0m The application at 'C:\Users\DELL\Downloads\app-release_last.apk' will not be cached, because the device under test has confirmed the support of streamed installs
[38;5;64m[ADB][0m The installation of 'app-release_last.apk' took 10142ms
[38;5;0m[HTTP][0m [37m<-- POST /wd/hub/session [39m[32m-[39m [90m- ms - -[39m
[38;5;0m[HTTP][0m [90m[39m
[38;5;48m[AndroidUiautomator2Driver@245d (8044ba58)][0m Starting UIAutomator2 server 7.0.1
[38;5;48m[AndroidUiautomator2Driver@245d (8044ba58)][0m Using UIAutomator2 server from 'C:\Users\DELL\.appium\node_modules\appium-uiautomator2-driver\node_modules\appium-uiautomator2-server\apks\appium-uiautomator2-server-v7.0.1.apk' and test from 'C:\Users\DELL\.appium\node_modules\appium-uiautomator2-driver\node_modules\appium-uiautomator2-server\apks\appium-uiautomator2-server-debug-androidTest.apk'
[38;5;48m[AndroidUiautomator2Driver@245d (8044ba58)][0m Waiting up to 30000ms for UiAutomator2 to be online...
[38;5;48m[AndroidUiautomator2Driver@245d (8044ba58)][0m socket hang up
[38;5;48m[AndroidUiautomator2Driver@245d (8044ba58)][0m socket hang up
[38;5;48m[AndroidUiautomator2Driver@245d (8044ba58)][0m socket hang up
[38;5;48m[AndroidUiautomator2Driver@245d (8044ba58)][0m socket hang up
[38;5;48m[AndroidUiautomator2Driver@245d (8044ba58)][0m Determined the downstream protocol as 'W3C'
[38;5;48m[AndroidUiautomator2Driver@245d (8044ba58)][0m Screen already unlocked, doing nothing
[38;5;48m[AndroidUiautomator2Driver@245d (8044ba58)][0m Starting 'ma.neoxia.macnss/ma.neoxia.macnss.MainActivity and waiting for 'ma.neoxia.macnss/ma.neoxia.macnss.MainActivity'
[38;5;16m[AppiumDriver@a358][0m New AndroidUiautomator2Driver session created successfully, session 8044ba58-c3d4-481e-b597-8cb904c2a8d1 added to master session list
[38;5;48m[AndroidUiautomator2Driver@4930 (be9505eb)][0m Shutting down because we waited 1800 seconds for a command
[38;5;16m[AppiumDriver@a358][0m Ending session, cause was 'New Command Timeout of 1800 seconds expired. Try customizing the timeout using the 'newCommandTimeout' desired capability'
[38;5;16m[AppiumDriver@a358][0m Removing session 'be9505eb-70f0-4eb8-9ae8-77fd07bcc5d9' from our master session list
[38;5;48m[AndroidUiautomator2Driver@4930 (be9505eb)][0m Did not get confirmation UiAutomator2 deleteSession worked; Error was: UnknownError: An unknown server-side error occurred while processing the command. Original error: 'DELETE /' cannot be proxied to UiAutomator2 server because the instrumentation process is not running (probably crashed). Check the server log and/or the logcat output for more details
[38;5;64m[ADB][0m ma.neoxia.macnss was not uninstalled, because it was not present on the device
[38;5;48m[AndroidUiautomator2Driver@4930 (be9505eb)][0m Restoring hidden api policy to the device default configuration
[38;5;48m[AndroidUiautomator2Driver@245d (8044ba58)][0m Shutting down because we waited 1800 seconds for a command
[38;5;16m[AppiumDriver@a358][0m Ending session, cause was 'New Command Timeout of 1800 seconds expired. Try customizing the timeout using the 'newCommandTimeout' desired capability'
[38;5;16m[AppiumDriver@a358][0m Removing session '8044ba58-c3d4-481e-b597-8cb904c2a8d1' from our master session list
[38;5;48m[AndroidUiautomator2Driver@245d (8044ba58)][0m Did not get confirmation UiAutomator2 deleteSession worked; Error was: UnknownError: An unknown server-side error occurred while processing the command. Original error: 'DELETE /' cannot be proxied to UiAutomator2 server because the instrumentation process is not running (probably crashed). Check the server log and/or the logcat output for more details
[38;5;64m[ADB][0m ma.neoxia.macnss was not uninstalled, because it was not present on the device
[38;5;48m[AndroidUiautomator2Driver@245d (8044ba58)][0m Restoring hidden api policy to the device default configuration
